<?xml version="1.0" encoding="UTF-8"?>
<!-- Generated by org.testng.reporters.JUnitReportReporter -->
<testsuite skipped="0" hostname="DESKTOP-NBT0B2D" name="com.runner.TestRunner" tests="1" failures="0" timestamp="07 Aug 2020 00:58:23 GMT" time="27.886" errors="0">
  <testcase name="runScenario" time="27.886" classname="com.runner.TestRunner"/>
</testsuite> <!-- com.runner.TestRunner -->
